[I 12:09:01.338 NotebookApp] Using existing profile dir: u'/Users/rachez/.ipython/profile_default'
[I 12:09:01.343 NotebookApp] Using MathJax from CDN: https://cdn.mathjax.org/mathjax/latest/MathJax.js
[I 12:09:01.378 NotebookApp] Serving notebooks from local directory: /Users/rachez/workspaces/python/qmmc/examples
[I 12:09:01.379 NotebookApp] 0 active kernels 
[I 12:09:01.379 NotebookApp] The IPython Notebook is running at: http://localhost:8888/
[I 12:09:01.379 NotebookApp] Use Control-C to stop this server and shut down all kernels (twice to skip confirmation).
_RegisterApplication(), FAILED TO establish the default connection to the WindowServer, _CGSDefaultConnection() is NULL.
0:42: execution error: An error of type -10810 has occurred. (-10810)
[I 12:09:47.913 NotebookApp] interrupted
Serving notebooks from local directory: /Users/rachez/workspaces/python/qmmc/examples
0 active kernels 
The IPython Notebook is running at: http://localhost:8888/
Shutdown this notebook server (y/[n])? [C 12:09:51.096 NotebookApp] received signal 2, stopping
[I 12:09:51.096 NotebookApp] Shutting down kernels
[I 12:10:29.140 NotebookApp] Using existing profile dir: u'/Users/rachez/.ipython/profile_default'
[I 12:10:29.143 NotebookApp] Using MathJax from CDN: https://cdn.mathjax.org/mathjax/latest/MathJax.js
[I 12:10:29.160 NotebookApp] Serving notebooks from local directory: /Users/rachez/workspaces/python/qmmc/examples
[I 12:10:29.160 NotebookApp] 0 active kernels 
[I 12:10:29.160 NotebookApp] The IPython Notebook is running at: http://localhost:8888/
[I 12:10:29.160 NotebookApp] Use Control-C to stop this server and shut down all kernels (twice to skip confirmation).
_RegisterApplication(), FAILED TO establish the default connection to the WindowServer, _CGSDefaultConnection() is NULL.
0:42: execution error: An error of type -10810 has occurred. (-10810)
[I 12:11:56.709 NotebookApp] 302 GET / (::1) 0.79ms
[W 12:12:50.738 NotebookApp] Notebook Extended RFQ model.ipynb is not trusted
[I 12:12:51.000 NotebookApp] Kernel started: fa2917a9-f8bf-4d0a-af17-a984d16c7c43
[I 12:14:51.862 NotebookApp] Saving file at /Extended RFQ model.ipynb
[W 12:14:51.862 NotebookApp] Saving untrusted notebook Extended RFQ model.ipynb
[W 12:23:07.656 NotebookApp] Notebook Extended RFQ model.ipynb is not trusted
[I 12:23:12.677 NotebookApp] Kernel shutdown: fa2917a9-f8bf-4d0a-af17-a984d16c7c43
[C 12:24:06.024 NotebookApp] received signal 15, stopping
[I 12:24:06.024 NotebookApp] Shutting down kernels
